<?xml version="1.0" encoding="UTF-8"?>
<!-- Generated by org.testng.reporters.JUnitReportReporter -->
<testsuite skipped="0" hostname="USABOS216584L" name="PracticeMock.Orange" tests="1" failures="0" timestamp="17 Oct 2018 06:10:27 GMT" time="19.469" errors="0">
  <testcase name="run" time="19.469" classname="PracticeMock.Orange"/>
</testsuite> <!-- PracticeMock.Orange -->
