<?xml version="1.0" encoding="UTF-8"?>
<!-- Generated by org.testng.reporters.JUnitReportReporter -->
<testsuite hostname="GUSJULIVS-022" name="AdvSelenium.TestNG" tests="3" failures="0" timestamp="2 Oct 2018 20:30:36 GMT" time="4.392" errors="0">
  <testcase name="Test3" time="0.016" classname="AdvSelenium.TestNG"/>
  <testcase name="Test2" time="0.000" classname="AdvSelenium.TestNG"/>
  <testcase name="login" time="4.376" classname="AdvSelenium.TestNG"/>
</testsuite> <!-- AdvSelenium.TestNG -->
