<?xml version="1.0" encoding="UTF-8"?>
<!-- Generated by org.testng.reporters.JUnitReportReporter -->
<testsuite skipped="0" hostname="USABOS216584L" name="FinalExam.Orange" tests="1" failures="0" timestamp="17 Oct 2018 02:21:03 GMT" time="9.593" errors="0">
  <testcase name="run" time="9.593" classname="FinalExam.Orange"/>
</testsuite> <!-- FinalExam.Orange -->
