<?xml version="1.0" encoding="UTF-8"?>
<!-- Generated by org.testng.reporters.JUnitReportReporter -->
<testsuite skipped="0" hostname="USABOS216584L" name="com.crm.qa.testcases.LoginPageTest" tests="1" failures="0" timestamp="10 Oct 2018 13:49:07 GMT" time="11.110" errors="0">
  <testcase name="loginPageTitleTest" time="11.110" classname="com.crm.qa.testcases.LoginPageTest"/>
</testsuite> <!-- com.crm.qa.testcases.LoginPageTest -->
